[2016-12-15T01:49:30,401][INFO ][o.e.n.Node               ] [C4tXroq] stopping ...
[2016-12-15T01:49:30,494][INFO ][o.e.n.Node               ] [C4tXroq] stopped
[2016-12-15T01:49:30,494][INFO ][o.e.n.Node               ] [C4tXroq] closing ...
[2016-12-15T01:49:30,519][INFO ][o.e.n.Node               ] [C4tXroq] closed
[2016-12-15T13:24:08,577][INFO ][o.e.n.Node               ] [] initializing ...
[2016-12-15T13:24:08,657][INFO ][o.e.e.NodeEnvironment    ] [C4tXroq] using [1] data paths, mounts [[/ (/dev/disk3)]], net usable_space [457.8gb], net total_space [1tb], spins? [unknown], types [hfs]
[2016-12-15T13:24:08,658][INFO ][o.e.e.NodeEnvironment    ] [C4tXroq] heap size [1.9gb], compressed ordinary object pointers [true]
[2016-12-15T13:24:08,659][INFO ][o.e.n.Node               ] node name [C4tXroq] derived from node ID [C4tXroqFQ96oOtavvZ4PUw]; set [node.name] to override
[2016-12-15T13:24:08,663][INFO ][o.e.n.Node               ] version[5.1.1], pid[10150], build[5395e21/2016-12-06T12:36:15.409Z], OS[Mac OS X/10.12/x86_64], JVM[Oracle Corporation/Java HotSpot(TM) 64-Bit Server VM/1.8.0_73/25.73-b02]
[2016-12-15T13:24:09,385][INFO ][o.e.p.PluginsService     ] [C4tXroq] loaded module [aggs-matrix-stats]
[2016-12-15T13:24:09,385][INFO ][o.e.p.PluginsService     ] [C4tXroq] loaded module [ingest-common]
[2016-12-15T13:24:09,385][INFO ][o.e.p.PluginsService     ] [C4tXroq] loaded module [lang-expression]
[2016-12-15T13:24:09,385][INFO ][o.e.p.PluginsService     ] [C4tXroq] loaded module [lang-groovy]
[2016-12-15T13:24:09,385][INFO ][o.e.p.PluginsService     ] [C4tXroq] loaded module [lang-mustache]
[2016-12-15T13:24:09,385][INFO ][o.e.p.PluginsService     ] [C4tXroq] loaded module [lang-painless]
[2016-12-15T13:24:09,385][INFO ][o.e.p.PluginsService     ] [C4tXroq] loaded module [percolator]
[2016-12-15T13:24:09,385][INFO ][o.e.p.PluginsService     ] [C4tXroq] loaded module [reindex]
[2016-12-15T13:24:09,385][INFO ][o.e.p.PluginsService     ] [C4tXroq] loaded module [transport-netty3]
[2016-12-15T13:24:09,385][INFO ][o.e.p.PluginsService     ] [C4tXroq] loaded module [transport-netty4]
[2016-12-15T13:24:09,386][INFO ][o.e.p.PluginsService     ] [C4tXroq] no plugins loaded
[2016-12-15T13:24:11,236][INFO ][o.e.n.Node               ] initialized
[2016-12-15T13:24:11,236][INFO ][o.e.n.Node               ] [C4tXroq] starting ...
[2016-12-15T13:24:11,418][INFO ][o.e.t.TransportService   ] [C4tXroq] publish_address {127.0.0.1:9300}, bound_addresses {[fe80::1]:9300}, {[::1]:9300}, {127.0.0.1:9300}
[2016-12-15T13:24:14,485][INFO ][o.e.c.s.ClusterService   ] [C4tXroq] new_master {C4tXroq}{C4tXroqFQ96oOtavvZ4PUw}{tBKyqclgRlWeGq5M9PjXqA}{127.0.0.1}{127.0.0.1:9300}, reason: zen-disco-elected-as-master ([0] nodes joined)
[2016-12-15T13:24:14,506][INFO ][o.e.h.HttpServer         ] [C4tXroq] publish_address {127.0.0.1:9200}, bound_addresses {[fe80::1]:9200}, {[::1]:9200}, {127.0.0.1:9200}
[2016-12-15T13:24:14,506][INFO ][o.e.n.Node               ] [C4tXroq] started
[2016-12-15T13:24:14,508][INFO ][o.e.g.GatewayService     ] [C4tXroq] recovered [0] indices into cluster_state
[2016-12-15T13:28:08,485][INFO ][o.e.c.m.MetaDataCreateIndexService] [C4tXroq] [articles] creating index, cause [auto(index api)], templates [], shards [5]/[1], mappings []
[2016-12-15T13:31:20,664][INFO ][o.e.c.m.MetaDataMappingService] [C4tXroq] [articles/PoWx7jYmSvSg9qqVUGgD5A] create_mapping [article]
[2016-12-15T13:45:40,578][INFO ][o.e.c.m.MetaDataCreateIndexService] [C4tXroq] [articles] creating index, cause [auto(index api)], templates [], shards [5]/[1], mappings []
[2016-12-15T13:45:40,618][INFO ][o.e.c.m.MetaDataMappingService] [C4tXroq] [articles/toavUqpoT16ZJcIxq0Dp-Q] create_mapping [article]
