[2016-12-14T16:35:18,919][INFO ][o.e.n.Node               ] [] initializing ...
[2016-12-14T16:35:19,171][INFO ][o.e.e.NodeEnvironment    ] [C4tXroq] using [1] data paths, mounts [[/ (/dev/disk2)]], net usable_space [473.6gb], net total_space [1tb], spins? [unknown], types [hfs]
[2016-12-14T16:35:19,172][INFO ][o.e.e.NodeEnvironment    ] [C4tXroq] heap size [1.9gb], compressed ordinary object pointers [true]
[2016-12-14T16:35:19,173][INFO ][o.e.n.Node               ] node name [C4tXroq] derived from node ID [C4tXroqFQ96oOtavvZ4PUw]; set [node.name] to override
[2016-12-14T16:35:19,221][INFO ][o.e.n.Node               ] version[5.1.1], pid[31143], build[5395e21/2016-12-06T12:36:15.409Z], OS[Mac OS X/10.12/x86_64], JVM[Oracle Corporation/Java HotSpot(TM) 64-Bit Server VM/1.8.0_73/25.73-b02]
[2016-12-14T16:35:20,618][INFO ][o.e.p.PluginsService     ] [C4tXroq] loaded module [aggs-matrix-stats]
[2016-12-14T16:35:20,619][INFO ][o.e.p.PluginsService     ] [C4tXroq] loaded module [ingest-common]
[2016-12-14T16:35:20,619][INFO ][o.e.p.PluginsService     ] [C4tXroq] loaded module [lang-expression]
[2016-12-14T16:35:20,619][INFO ][o.e.p.PluginsService     ] [C4tXroq] loaded module [lang-groovy]
[2016-12-14T16:35:20,619][INFO ][o.e.p.PluginsService     ] [C4tXroq] loaded module [lang-mustache]
[2016-12-14T16:35:20,619][INFO ][o.e.p.PluginsService     ] [C4tXroq] loaded module [lang-painless]
[2016-12-14T16:35:20,619][INFO ][o.e.p.PluginsService     ] [C4tXroq] loaded module [percolator]
[2016-12-14T16:35:20,619][INFO ][o.e.p.PluginsService     ] [C4tXroq] loaded module [reindex]
[2016-12-14T16:35:20,619][INFO ][o.e.p.PluginsService     ] [C4tXroq] loaded module [transport-netty3]
[2016-12-14T16:35:20,620][INFO ][o.e.p.PluginsService     ] [C4tXroq] loaded module [transport-netty4]
[2016-12-14T16:35:20,620][INFO ][o.e.p.PluginsService     ] [C4tXroq] no plugins loaded
[2016-12-14T16:35:22,939][INFO ][o.e.n.Node               ] initialized
[2016-12-14T16:35:22,939][INFO ][o.e.n.Node               ] [C4tXroq] starting ...
[2016-12-14T16:35:23,230][INFO ][o.e.t.TransportService   ] [C4tXroq] publish_address {127.0.0.1:9300}, bound_addresses {[fe80::1]:9300}, {[::1]:9300}, {127.0.0.1:9300}
[2016-12-14T16:35:26,303][INFO ][o.e.c.s.ClusterService   ] [C4tXroq] new_master {C4tXroq}{C4tXroqFQ96oOtavvZ4PUw}{bgbNSQN-R5euzXENsKkg5Q}{127.0.0.1}{127.0.0.1:9300}, reason: zen-disco-elected-as-master ([0] nodes joined)
[2016-12-14T16:35:26,336][INFO ][o.e.g.GatewayService     ] [C4tXroq] recovered [0] indices into cluster_state
[2016-12-14T16:35:26,339][INFO ][o.e.h.HttpServer         ] [C4tXroq] publish_address {127.0.0.1:9200}, bound_addresses {[fe80::1]:9200}, {[::1]:9200}, {127.0.0.1:9200}
[2016-12-14T16:35:26,339][INFO ][o.e.n.Node               ] [C4tXroq] started
[2016-12-14T16:36:26,327][WARN ][o.e.e.NodeEnvironment    ] [C4tXroq] lock assertion failed
java.nio.file.NoSuchFileException: /Users/LvanHoorn/Downloads/elasticsearch-5.1.1/data/nodes/0/node.lock
	at sun.nio.fs.UnixException.translateToIOException(UnixException.java:86) ~[?:?]
	at sun.nio.fs.UnixException.rethrowAsIOException(UnixException.java:102) ~[?:?]
	at sun.nio.fs.UnixException.rethrowAsIOException(UnixException.java:107) ~[?:?]
	at sun.nio.fs.UnixFileAttributeViews$Basic.readAttributes(UnixFileAttributeViews.java:55) ~[?:?]
	at sun.nio.fs.UnixFileSystemProvider.readAttributes(UnixFileSystemProvider.java:144) ~[?:?]
	at java.nio.file.Files.readAttributes(Files.java:1737) ~[?:1.8.0_73]
	at org.apache.lucene.store.NativeFSLockFactory$NativeFSLock.ensureValid(NativeFSLockFactory.java:177) ~[lucene-core-6.3.0.jar:6.3.0 a66a44513ee8191e25b477372094bfa846450316 - shalin - 2016-11-02 19:47:11]
	at org.elasticsearch.env.NodeEnvironment.assertEnvIsLocked(NodeEnvironment.java:901) [elasticsearch-5.1.1.jar:5.1.1]
	at org.elasticsearch.env.NodeEnvironment.nodePaths(NodeEnvironment.java:753) [elasticsearch-5.1.1.jar:5.1.1]
	at org.elasticsearch.monitor.fs.FsProbe.stats(FsProbe.java:55) [elasticsearch-5.1.1.jar:5.1.1]
	at org.elasticsearch.monitor.fs.FsService.stats(FsService.java:60) [elasticsearch-5.1.1.jar:5.1.1]
	at org.elasticsearch.monitor.fs.FsService.access$200(FsService.java:33) [elasticsearch-5.1.1.jar:5.1.1]
	at org.elasticsearch.monitor.fs.FsService$FsInfoCache.refresh(FsService.java:78) [elasticsearch-5.1.1.jar:5.1.1]
	at org.elasticsearch.monitor.fs.FsService$FsInfoCache.refresh(FsService.java:67) [elasticsearch-5.1.1.jar:5.1.1]
	at org.elasticsearch.common.util.SingleObjectCache.getOrRefresh(SingleObjectCache.java:54) [elasticsearch-5.1.1.jar:5.1.1]
	at org.elasticsearch.monitor.fs.FsService.stats(FsService.java:55) [elasticsearch-5.1.1.jar:5.1.1]
	at org.elasticsearch.node.service.NodeService.stats(NodeService.java:114) [elasticsearch-5.1.1.jar:5.1.1]
	at org.elasticsearch.action.admin.cluster.node.stats.TransportNodesStatsAction.nodeOperation(TransportNodesStatsAction.java:77) [elasticsearch-5.1.1.jar:5.1.1]
	at org.elasticsearch.action.admin.cluster.node.stats.TransportNodesStatsAction.nodeOperation(TransportNodesStatsAction.java:42) [elasticsearch-5.1.1.jar:5.1.1]
	at org.elasticsearch.action.support.nodes.TransportNodesAction.nodeOperation(TransportNodesAction.java:145) [elasticsearch-5.1.1.jar:5.1.1]
	at org.elasticsearch.action.support.nodes.TransportNodesAction$NodeTransportHandler.messageReceived(TransportNodesAction.java:270) [elasticsearch-5.1.1.jar:5.1.1]
	at org.elasticsearch.action.support.nodes.TransportNodesAction$NodeTransportHandler.messageReceived(TransportNodesAction.java:266) [elasticsearch-5.1.1.jar:5.1.1]
	at org.elasticsearch.transport.RequestHandlerRegistry.processMessageReceived(RequestHandlerRegistry.java:69) [elasticsearch-5.1.1.jar:5.1.1]
	at org.elasticsearch.transport.TransportService$6.doRun(TransportService.java:577) [elasticsearch-5.1.1.jar:5.1.1]
	at org.elasticsearch.common.util.concurrent.ThreadContext$ContextPreservingAbstractRunnable.doRun(ThreadContext.java:527) [elasticsearch-5.1.1.jar:5.1.1]
	at org.elasticsearch.common.util.concurrent.AbstractRunnable.run(AbstractRunnable.java:37) [elasticsearch-5.1.1.jar:5.1.1]
	at java.util.concurrent.ThreadPoolExecutor.runWorker(ThreadPoolExecutor.java:1142) [?:1.8.0_73]
	at java.util.concurrent.ThreadPoolExecutor$Worker.run(ThreadPoolExecutor.java:617) [?:1.8.0_73]
	at java.lang.Thread.run(Thread.java:745) [?:1.8.0_73]
[2016-12-14T16:36:26,358][DEBUG][o.e.a.a.c.n.s.TransportNodesStatsAction] [C4tXroq] failed to execute on node [C4tXroqFQ96oOtavvZ4PUw]
org.elasticsearch.transport.RemoteTransportException: [C4tXroq][127.0.0.1:9300][cluster:monitor/nodes/stats[n]]
Caused by: java.lang.IllegalStateException: environment is not locked
	at org.elasticsearch.env.NodeEnvironment.assertEnvIsLocked(NodeEnvironment.java:904) ~[elasticsearch-5.1.1.jar:5.1.1]
	at org.elasticsearch.env.NodeEnvironment.nodePaths(NodeEnvironment.java:753) ~[elasticsearch-5.1.1.jar:5.1.1]
	at org.elasticsearch.monitor.fs.FsProbe.stats(FsProbe.java:55) ~[elasticsearch-5.1.1.jar:5.1.1]
	at org.elasticsearch.monitor.fs.FsService.stats(FsService.java:60) ~[elasticsearch-5.1.1.jar:5.1.1]
	at org.elasticsearch.monitor.fs.FsService.access$200(FsService.java:33) ~[elasticsearch-5.1.1.jar:5.1.1]
	at org.elasticsearch.monitor.fs.FsService$FsInfoCache.refresh(FsService.java:78) ~[elasticsearch-5.1.1.jar:5.1.1]
	at org.elasticsearch.monitor.fs.FsService$FsInfoCache.refresh(FsService.java:67) ~[elasticsearch-5.1.1.jar:5.1.1]
	at org.elasticsearch.common.util.SingleObjectCache.getOrRefresh(SingleObjectCache.java:54) ~[elasticsearch-5.1.1.jar:5.1.1]
	at org.elasticsearch.monitor.fs.FsService.stats(FsService.java:55) ~[elasticsearch-5.1.1.jar:5.1.1]
	at org.elasticsearch.node.service.NodeService.stats(NodeService.java:114) ~[elasticsearch-5.1.1.jar:5.1.1]
	at org.elasticsearch.action.admin.cluster.node.stats.TransportNodesStatsAction.nodeOperation(TransportNodesStatsAction.java:77) ~[elasticsearch-5.1.1.jar:5.1.1]
	at org.elasticsearch.action.admin.cluster.node.stats.TransportNodesStatsAction.nodeOperation(TransportNodesStatsAction.java:42) ~[elasticsearch-5.1.1.jar:5.1.1]
	at org.elasticsearch.action.support.nodes.TransportNodesAction.nodeOperation(TransportNodesAction.java:145) ~[elasticsearch-5.1.1.jar:5.1.1]
	at org.elasticsearch.action.support.nodes.TransportNodesAction$NodeTransportHandler.messageReceived(TransportNodesAction.java:270) ~[elasticsearch-5.1.1.jar:5.1.1]
	at org.elasticsearch.action.support.nodes.TransportNodesAction$NodeTransportHandler.messageReceived(TransportNodesAction.java:266) ~[elasticsearch-5.1.1.jar:5.1.1]
	at org.elasticsearch.transport.RequestHandlerRegistry.processMessageReceived(RequestHandlerRegistry.java:69) ~[elasticsearch-5.1.1.jar:5.1.1]
	at org.elasticsearch.transport.TransportService$6.doRun(TransportService.java:577) [elasticsearch-5.1.1.jar:5.1.1]
	at org.elasticsearch.common.util.concurrent.ThreadContext$ContextPreservingAbstractRunnable.doRun(ThreadContext.java:527) [elasticsearch-5.1.1.jar:5.1.1]
	at org.elasticsearch.common.util.concurrent.AbstractRunnable.run(AbstractRunnable.java:37) [elasticsearch-5.1.1.jar:5.1.1]
	at java.util.concurrent.ThreadPoolExecutor.runWorker(ThreadPoolExecutor.java:1142) [?:1.8.0_73]
	at java.util.concurrent.ThreadPoolExecutor$Worker.run(ThreadPoolExecutor.java:617) [?:1.8.0_73]
	at java.lang.Thread.run(Thread.java:745) [?:1.8.0_73]
Caused by: java.nio.file.NoSuchFileException: /Users/LvanHoorn/Downloads/elasticsearch-5.1.1/data/nodes/0/node.lock
	at sun.nio.fs.UnixException.translateToIOException(UnixException.java:86) ~[?:?]
	at sun.nio.fs.UnixException.rethrowAsIOException(UnixException.java:102) ~[?:?]
	at sun.nio.fs.UnixException.rethrowAsIOException(UnixException.java:107) ~[?:?]
	at sun.nio.fs.UnixFileAttributeViews$Basic.readAttributes(UnixFileAttributeViews.java:55) ~[?:?]
	at sun.nio.fs.UnixFileSystemProvider.readAttributes(UnixFileSystemProvider.java:144) ~[?:?]
	at java.nio.file.Files.readAttributes(Files.java:1737) ~[?:1.8.0_73]
	at org.apache.lucene.store.NativeFSLockFactory$NativeFSLock.ensureValid(NativeFSLockFactory.java:177) ~[lucene-core-6.3.0.jar:6.3.0 a66a44513ee8191e25b477372094bfa846450316 - shalin - 2016-11-02 19:47:11]
	at org.elasticsearch.env.NodeEnvironment.assertEnvIsLocked(NodeEnvironment.java:901) ~[elasticsearch-5.1.1.jar:5.1.1]
	at org.elasticsearch.env.NodeEnvironment.nodePaths(NodeEnvironment.java:753) ~[elasticsearch-5.1.1.jar:5.1.1]
	at org.elasticsearch.monitor.fs.FsProbe.stats(FsProbe.java:55) ~[elasticsearch-5.1.1.jar:5.1.1]
	at org.elasticsearch.monitor.fs.FsService.stats(FsService.java:60) ~[elasticsearch-5.1.1.jar:5.1.1]
	at org.elasticsearch.monitor.fs.FsService.access$200(FsService.java:33) ~[elasticsearch-5.1.1.jar:5.1.1]
	at org.elasticsearch.monitor.fs.FsService$FsInfoCache.refresh(FsService.java:78) ~[elasticsearch-5.1.1.jar:5.1.1]
	at org.elasticsearch.monitor.fs.FsService$FsInfoCache.refresh(FsService.java:67) ~[elasticsearch-5.1.1.jar:5.1.1]
	at org.elasticsearch.common.util.SingleObjectCache.getOrRefresh(SingleObjectCache.java:54) ~[elasticsearch-5.1.1.jar:5.1.1]
	at org.elasticsearch.monitor.fs.FsService.stats(FsService.java:55) ~[elasticsearch-5.1.1.jar:5.1.1]
	at org.elasticsearch.node.service.NodeService.stats(NodeService.java:114) ~[elasticsearch-5.1.1.jar:5.1.1]
	at org.elasticsearch.action.admin.cluster.node.stats.TransportNodesStatsAction.nodeOperation(TransportNodesStatsAction.java:77) ~[elasticsearch-5.1.1.jar:5.1.1]
	at org.elasticsearch.action.admin.cluster.node.stats.TransportNodesStatsAction.nodeOperation(TransportNodesStatsAction.java:42) ~[elasticsearch-5.1.1.jar:5.1.1]
	at org.elasticsearch.action.support.nodes.TransportNodesAction.nodeOperation(TransportNodesAction.java:145) ~[elasticsearch-5.1.1.jar:5.1.1]
	at org.elasticsearch.action.support.nodes.TransportNodesAction$NodeTransportHandler.messageReceived(TransportNodesAction.java:270) ~[elasticsearch-5.1.1.jar:5.1.1]
	at org.elasticsearch.action.support.nodes.TransportNodesAction$NodeTransportHandler.messageReceived(TransportNodesAction.java:266) ~[elasticsearch-5.1.1.jar:5.1.1]
	at org.elasticsearch.transport.RequestHandlerRegistry.processMessageReceived(RequestHandlerRegistry.java:69) ~[elasticsearch-5.1.1.jar:5.1.1]
	at org.elasticsearch.transport.TransportService$6.doRun(TransportService.java:577) ~[elasticsearch-5.1.1.jar:5.1.1]
	at org.elasticsearch.common.util.concurrent.ThreadContext$ContextPreservingAbstractRunnable.doRun(ThreadContext.java:527) ~[elasticsearch-5.1.1.jar:5.1.1]
	at org.elasticsearch.common.util.concurrent.AbstractRunnable.run(AbstractRunnable.java:37) ~[elasticsearch-5.1.1.jar:5.1.1]
	at java.util.concurrent.ThreadPoolExecutor.runWorker(ThreadPoolExecutor.java:1142) ~[?:1.8.0_73]
	at java.util.concurrent.ThreadPoolExecutor$Worker.run(ThreadPoolExecutor.java:617) ~[?:1.8.0_73]
	at java.lang.Thread.run(Thread.java:745) ~[?:1.8.0_73]
[2016-12-14T16:36:26,360][WARN ][o.e.a.a.c.n.s.TransportNodesStatsAction] [C4tXroq] not accumulating exceptions, excluding exception from response
org.elasticsearch.action.FailedNodeException: Failed node [C4tXroqFQ96oOtavvZ4PUw]
	at org.elasticsearch.action.support.nodes.TransportNodesAction$AsyncAction.onFailure(TransportNodesAction.java:247) [elasticsearch-5.1.1.jar:5.1.1]
	at org.elasticsearch.action.support.nodes.TransportNodesAction$AsyncAction.access$300(TransportNodesAction.java:160) [elasticsearch-5.1.1.jar:5.1.1]
	at org.elasticsearch.action.support.nodes.TransportNodesAction$AsyncAction$1.handleException(TransportNodesAction.java:219) [elasticsearch-5.1.1.jar:5.1.1]
	at org.elasticsearch.transport.TransportService$ContextRestoreResponseHandler.handleException(TransportService.java:984) [elasticsearch-5.1.1.jar:5.1.1]
	at org.elasticsearch.transport.TransportService$DirectResponseChannel.processException(TransportService.java:1091) [elasticsearch-5.1.1.jar:5.1.1]
	at org.elasticsearch.transport.TransportService$DirectResponseChannel.sendResponse(TransportService.java:1069) [elasticsearch-5.1.1.jar:5.1.1]
	at org.elasticsearch.transport.TransportService$6.onFailure(TransportService.java:588) [elasticsearch-5.1.1.jar:5.1.1]
	at org.elasticsearch.common.util.concurrent.ThreadContext$ContextPreservingAbstractRunnable.onFailure(ThreadContext.java:512) [elasticsearch-5.1.1.jar:5.1.1]
	at org.elasticsearch.common.util.concurrent.AbstractRunnable.run(AbstractRunnable.java:39) [elasticsearch-5.1.1.jar:5.1.1]
	at java.util.concurrent.ThreadPoolExecutor.runWorker(ThreadPoolExecutor.java:1142) [?:1.8.0_73]
	at java.util.concurrent.ThreadPoolExecutor$Worker.run(ThreadPoolExecutor.java:617) [?:1.8.0_73]
	at java.lang.Thread.run(Thread.java:745) [?:1.8.0_73]
Caused by: org.elasticsearch.transport.RemoteTransportException: [C4tXroq][127.0.0.1:9300][cluster:monitor/nodes/stats[n]]
Caused by: java.lang.IllegalStateException: environment is not locked
	at org.elasticsearch.env.NodeEnvironment.assertEnvIsLocked(NodeEnvironment.java:904) ~[elasticsearch-5.1.1.jar:5.1.1]
	at org.elasticsearch.env.NodeEnvironment.nodePaths(NodeEnvironment.java:753) ~[elasticsearch-5.1.1.jar:5.1.1]
	at org.elasticsearch.monitor.fs.FsProbe.stats(FsProbe.java:55) ~[elasticsearch-5.1.1.jar:5.1.1]
	at org.elasticsearch.monitor.fs.FsService.stats(FsService.java:60) ~[elasticsearch-5.1.1.jar:5.1.1]
	at org.elasticsearch.monitor.fs.FsService.access$200(FsService.java:33) ~[elasticsearch-5.1.1.jar:5.1.1]
	at org.elasticsearch.monitor.fs.FsService$FsInfoCache.refresh(FsService.java:78) ~[elasticsearch-5.1.1.jar:5.1.1]
	at org.elasticsearch.monitor.fs.FsService$FsInfoCache.refresh(FsService.java:67) ~[elasticsearch-5.1.1.jar:5.1.1]
	at org.elasticsearch.common.util.SingleObjectCache.getOrRefresh(SingleObjectCache.java:54) ~[elasticsearch-5.1.1.jar:5.1.1]
	at org.elasticsearch.monitor.fs.FsService.stats(FsService.java:55) ~[elasticsearch-5.1.1.jar:5.1.1]
	at org.elasticsearch.node.service.NodeService.stats(NodeService.java:114) ~[elasticsearch-5.1.1.jar:5.1.1]
	at org.elasticsearch.action.admin.cluster.node.stats.TransportNodesStatsAction.nodeOperation(TransportNodesStatsAction.java:77) ~[elasticsearch-5.1.1.jar:5.1.1]
	at org.elasticsearch.action.admin.cluster.node.stats.TransportNodesStatsAction.nodeOperation(TransportNodesStatsAction.java:42) ~[elasticsearch-5.1.1.jar:5.1.1]
	at org.elasticsearch.action.support.nodes.TransportNodesAction.nodeOperation(TransportNodesAction.java:145) ~[elasticsearch-5.1.1.jar:5.1.1]
	at org.elasticsearch.action.support.nodes.TransportNodesAction$NodeTransportHandler.messageReceived(TransportNodesAction.java:270) ~[elasticsearch-5.1.1.jar:5.1.1]
	at org.elasticsearch.action.support.nodes.TransportNodesAction$NodeTransportHandler.messageReceived(TransportNodesAction.java:266) ~[elasticsearch-5.1.1.jar:5.1.1]
	at org.elasticsearch.transport.RequestHandlerRegistry.processMessageReceived(RequestHandlerRegistry.java:69) ~[elasticsearch-5.1.1.jar:5.1.1]
	at org.elasticsearch.transport.TransportService$6.doRun(TransportService.java:577) ~[elasticsearch-5.1.1.jar:5.1.1]
	at org.elasticsearch.common.util.concurrent.ThreadContext$ContextPreservingAbstractRunnable.doRun(ThreadContext.java:527) ~[elasticsearch-5.1.1.jar:5.1.1]
	at org.elasticsearch.common.util.concurrent.AbstractRunnable.run(AbstractRunnable.java:37) ~[elasticsearch-5.1.1.jar:5.1.1]
	... 3 more
Caused by: java.nio.file.NoSuchFileException: /Users/LvanHoorn/Downloads/elasticsearch-5.1.1/data/nodes/0/node.lock
	at sun.nio.fs.UnixException.translateToIOException(UnixException.java:86) ~[?:?]
	at sun.nio.fs.UnixException.rethrowAsIOException(UnixException.java:102) ~[?:?]
	at sun.nio.fs.UnixException.rethrowAsIOException(UnixException.java:107) ~[?:?]
	at sun.nio.fs.UnixFileAttributeViews$Basic.readAttributes(UnixFileAttributeViews.java:55) ~[?:?]
	at sun.nio.fs.UnixFileSystemProvider.readAttributes(UnixFileSystemProvider.java:144) ~[?:?]
	at java.nio.file.Files.readAttributes(Files.java:1737) ~[?:1.8.0_73]
	at org.apache.lucene.store.NativeFSLockFactory$NativeFSLock.ensureValid(NativeFSLockFactory.java:177) ~[lucene-core-6.3.0.jar:6.3.0 a66a44513ee8191e25b477372094bfa846450316 - shalin - 2016-11-02 19:47:11]
	at org.elasticsearch.env.NodeEnvironment.assertEnvIsLocked(NodeEnvironment.java:901) ~[elasticsearch-5.1.1.jar:5.1.1]
	at org.elasticsearch.env.NodeEnvironment.nodePaths(NodeEnvironment.java:753) ~[elasticsearch-5.1.1.jar:5.1.1]
	at org.elasticsearch.monitor.fs.FsProbe.stats(FsProbe.java:55) ~[elasticsearch-5.1.1.jar:5.1.1]
	at org.elasticsearch.monitor.fs.FsService.stats(FsService.java:60) ~[elasticsearch-5.1.1.jar:5.1.1]
	at org.elasticsearch.monitor.fs.FsService.access$200(FsService.java:33) ~[elasticsearch-5.1.1.jar:5.1.1]
	at org.elasticsearch.monitor.fs.FsService$FsInfoCache.refresh(FsService.java:78) ~[elasticsearch-5.1.1.jar:5.1.1]
	at org.elasticsearch.monitor.fs.FsService$FsInfoCache.refresh(FsService.java:67) ~[elasticsearch-5.1.1.jar:5.1.1]
	at org.elasticsearch.common.util.SingleObjectCache.getOrRefresh(SingleObjectCache.java:54) ~[elasticsearch-5.1.1.jar:5.1.1]
	at org.elasticsearch.monitor.fs.FsService.stats(FsService.java:55) ~[elasticsearch-5.1.1.jar:5.1.1]
	at org.elasticsearch.node.service.NodeService.stats(NodeService.java:114) ~[elasticsearch-5.1.1.jar:5.1.1]
	at org.elasticsearch.action.admin.cluster.node.stats.TransportNodesStatsAction.nodeOperation(TransportNodesStatsAction.java:77) ~[elasticsearch-5.1.1.jar:5.1.1]
	at org.elasticsearch.action.admin.cluster.node.stats.TransportNodesStatsAction.nodeOperation(TransportNodesStatsAction.java:42) ~[elasticsearch-5.1.1.jar:5.1.1]
	at org.elasticsearch.action.support.nodes.TransportNodesAction.nodeOperation(TransportNodesAction.java:145) ~[elasticsearch-5.1.1.jar:5.1.1]
	at org.elasticsearch.action.support.nodes.TransportNodesAction$NodeTransportHandler.messageReceived(TransportNodesAction.java:270) ~[elasticsearch-5.1.1.jar:5.1.1]
	at org.elasticsearch.action.support.nodes.TransportNodesAction$NodeTransportHandler.messageReceived(TransportNodesAction.java:266) ~[elasticsearch-5.1.1.jar:5.1.1]
	at org.elasticsearch.transport.RequestHandlerRegistry.processMessageReceived(RequestHandlerRegistry.java:69) ~[elasticsearch-5.1.1.jar:5.1.1]
	at org.elasticsearch.transport.TransportService$6.doRun(TransportService.java:577) ~[elasticsearch-5.1.1.jar:5.1.1]
	at org.elasticsearch.common.util.concurrent.ThreadContext$ContextPreservingAbstractRunnable.doRun(ThreadContext.java:527) ~[elasticsearch-5.1.1.jar:5.1.1]
	at org.elasticsearch.common.util.concurrent.AbstractRunnable.run(AbstractRunnable.java:37) ~[elasticsearch-5.1.1.jar:5.1.1]
	... 3 more
[2016-12-14T16:36:56,366][WARN ][o.e.e.NodeEnvironment    ] [C4tXroq] lock assertion failed
java.nio.file.NoSuchFileException: /Users/LvanHoorn/Downloads/elasticsearch-5.1.1/data/nodes/0/node.lock
	at sun.nio.fs.UnixException.translateToIOException(UnixException.java:86) ~[?:?]
	at sun.nio.fs.UnixException.rethrowAsIOException(UnixException.java:102) ~[?:?]
	at sun.nio.fs.UnixException.rethrowAsIOException(UnixException.java:107) ~[?:?]
	at sun.nio.fs.UnixFileAttributeViews$Basic.readAttributes(UnixFileAttributeViews.java:55) ~[?:?]
	at sun.nio.fs.UnixFileSystemProvider.readAttributes(UnixFileSystemProvider.java:144) ~[?:?]
	at java.nio.file.Files.readAttributes(Files.java:1737) ~[?:1.8.0_73]
	at org.apache.lucene.store.NativeFSLockFactory$NativeFSLock.ensureValid(NativeFSLockFactory.java:177) ~[lucene-core-6.3.0.jar:6.3.0 a66a44513ee8191e25b477372094bfa846450316 - shalin - 2016-11-02 19:47:11]
	at org.elasticsearch.env.NodeEnvironment.assertEnvIsLocked(NodeEnvironment.java:901) [elasticsearch-5.1.1.jar:5.1.1]
	at org.elasticsearch.env.NodeEnvironment.nodePaths(NodeEnvironment.java:753) [elasticsearch-5.1.1.jar:5.1.1]
	at org.elasticsearch.monitor.fs.FsProbe.stats(FsProbe.java:55) [elasticsearch-5.1.1.jar:5.1.1]
	at org.elasticsearch.monitor.fs.FsService.stats(FsService.java:60) [elasticsearch-5.1.1.jar:5.1.1]
	at org.elasticsearch.monitor.fs.FsService.access$200(FsService.java:33) [elasticsearch-5.1.1.jar:5.1.1]
	at org.elasticsearch.monitor.fs.FsService$FsInfoCache.refresh(FsService.java:78) [elasticsearch-5.1.1.jar:5.1.1]
	at org.elasticsearch.monitor.fs.FsService$FsInfoCache.refresh(FsService.java:67) [elasticsearch-5.1.1.jar:5.1.1]
	at org.elasticsearch.common.util.SingleObjectCache.getOrRefresh(SingleObjectCache.java:54) [elasticsearch-5.1.1.jar:5.1.1]
	at org.elasticsearch.monitor.fs.FsService.stats(FsService.java:55) [elasticsearch-5.1.1.jar:5.1.1]
	at org.elasticsearch.node.service.NodeService.stats(NodeService.java:114) [elasticsearch-5.1.1.jar:5.1.1]
	at org.elasticsearch.action.admin.cluster.node.stats.TransportNodesStatsAction.nodeOperation(TransportNodesStatsAction.java:77) [elasticsearch-5.1.1.jar:5.1.1]
	at org.elasticsearch.action.admin.cluster.node.stats.TransportNodesStatsAction.nodeOperation(TransportNodesStatsAction.java:42) [elasticsearch-5.1.1.jar:5.1.1]
	at org.elasticsearch.action.support.nodes.TransportNodesAction.nodeOperation(TransportNodesAction.java:145) [elasticsearch-5.1.1.jar:5.1.1]
	at org.elasticsearch.action.support.nodes.TransportNodesAction$NodeTransportHandler.messageReceived(TransportNodesAction.java:270) [elasticsearch-5.1.1.jar:5.1.1]
	at org.elasticsearch.action.support.nodes.TransportNodesAction$NodeTransportHandler.messageReceived(TransportNodesAction.java:266) [elasticsearch-5.1.1.jar:5.1.1]
	at org.elasticsearch.transport.RequestHandlerRegistry.processMessageReceived(RequestHandlerRegistry.java:69) [elasticsearch-5.1.1.jar:5.1.1]
	at org.elasticsearch.transport.TransportService$6.doRun(TransportService.java:577) [elasticsearch-5.1.1.jar:5.1.1]
	at org.elasticsearch.common.util.concurrent.ThreadContext$ContextPreservingAbstractRunnable.doRun(ThreadContext.java:527) [elasticsearch-5.1.1.jar:5.1.1]
	at org.elasticsearch.common.util.concurrent.AbstractRunnable.run(AbstractRunnable.java:37) [elasticsearch-5.1.1.jar:5.1.1]
	at java.util.concurrent.ThreadPoolExecutor.runWorker(ThreadPoolExecutor.java:1142) [?:1.8.0_73]
	at java.util.concurrent.ThreadPoolExecutor$Worker.run(ThreadPoolExecutor.java:617) [?:1.8.0_73]
	at java.lang.Thread.run(Thread.java:745) [?:1.8.0_73]
[2016-12-14T16:36:56,367][DEBUG][o.e.a.a.c.n.s.TransportNodesStatsAction] [C4tXroq] failed to execute on node [C4tXroqFQ96oOtavvZ4PUw]
org.elasticsearch.transport.RemoteTransportException: [C4tXroq][127.0.0.1:9300][cluster:monitor/nodes/stats[n]]
Caused by: java.lang.IllegalStateException: environment is not locked
	at org.elasticsearch.env.NodeEnvironment.assertEnvIsLocked(NodeEnvironment.java:904) ~[elasticsearch-5.1.1.jar:5.1.1]
	at org.elasticsearch.env.NodeEnvironment.nodePaths(NodeEnvironment.java:753) ~[elasticsearch-5.1.1.jar:5.1.1]
	at org.elasticsearch.monitor.fs.FsProbe.stats(FsProbe.java:55) ~[elasticsearch-5.1.1.jar:5.1.1]
	at org.elasticsearch.monitor.fs.FsService.stats(FsService.java:60) ~[elasticsearch-5.1.1.jar:5.1.1]
	at org.elasticsearch.monitor.fs.FsService.access$200(FsService.java:33) ~[elasticsearch-5.1.1.jar:5.1.1]
	at org.elasticsearch.monitor.fs.FsService$FsInfoCache.refresh(FsService.java:78) ~[elasticsearch-5.1.1.jar:5.1.1]
	at org.elasticsearch.monitor.fs.FsService$FsInfoCache.refresh(FsService.java:67) ~[elasticsearch-5.1.1.jar:5.1.1]
	at org.elasticsearch.common.util.SingleObjectCache.getOrRefresh(SingleObjectCache.java:54) ~[elasticsearch-5.1.1.jar:5.1.1]
	at org.elasticsearch.monitor.fs.FsService.stats(FsService.java:55) ~[elasticsearch-5.1.1.jar:5.1.1]
	at org.elasticsearch.node.service.NodeService.stats(NodeService.java:114) ~[elasticsearch-5.1.1.jar:5.1.1]
	at org.elasticsearch.action.admin.cluster.node.stats.TransportNodesStatsAction.nodeOperation(TransportNodesStatsAction.java:77) ~[elasticsearch-5.1.1.jar:5.1.1]
	at org.elasticsearch.action.admin.cluster.node.stats.TransportNodesStatsAction.nodeOperation(TransportNodesStatsAction.java:42) ~[elasticsearch-5.1.1.jar:5.1.1]
	at org.elasticsearch.action.support.nodes.TransportNodesAction.nodeOperation(TransportNodesAction.java:145) ~[elasticsearch-5.1.1.jar:5.1.1]
	at org.elasticsearch.action.support.nodes.TransportNodesAction$NodeTransportHandler.messageReceived(TransportNodesAction.java:270) ~[elasticsearch-5.1.1.jar:5.1.1]
	at org.elasticsearch.action.support.nodes.TransportNodesAction$NodeTransportHandler.messageReceived(TransportNodesAction.java:266) ~[elasticsearch-5.1.1.jar:5.1.1]
	at org.elasticsearch.transport.RequestHandlerRegistry.processMessageReceived(RequestHandlerRegistry.java:69) ~[elasticsearch-5.1.1.jar:5.1.1]
	at org.elasticsearch.transport.TransportService$6.doRun(TransportService.java:577) [elasticsearch-5.1.1.jar:5.1.1]
	at org.elasticsearch.common.util.concurrent.ThreadContext$ContextPreservingAbstractRunnable.doRun(ThreadContext.java:527) [elasticsearch-5.1.1.jar:5.1.1]
	at org.elasticsearch.common.util.concurrent.AbstractRunnable.run(AbstractRunnable.java:37) [elasticsearch-5.1.1.jar:5.1.1]
	at java.util.concurrent.ThreadPoolExecutor.runWorker(ThreadPoolExecutor.java:1142) [?:1.8.0_73]
	at java.util.concurrent.ThreadPoolExecutor$Worker.run(ThreadPoolExecutor.java:617) [?:1.8.0_73]
	at java.lang.Thread.run(Thread.java:745) [?:1.8.0_73]
Caused by: java.nio.file.NoSuchFileException: /Users/LvanHoorn/Downloads/elasticsearch-5.1.1/data/nodes/0/node.lock
	at sun.nio.fs.UnixException.translateToIOException(UnixException.java:86) ~[?:?]
	at sun.nio.fs.UnixException.rethrowAsIOException(UnixException.java:102) ~[?:?]
	at sun.nio.fs.UnixException.rethrowAsIOException(UnixException.java:107) ~[?:?]
	at sun.nio.fs.UnixFileAttributeViews$Basic.readAttributes(UnixFileAttributeViews.java:55) ~[?:?]
	at sun.nio.fs.UnixFileSystemProvider.readAttributes(UnixFileSystemProvider.java:144) ~[?:?]
	at java.nio.file.Files.readAttributes(Files.java:1737) ~[?:1.8.0_73]
	at org.apache.lucene.store.NativeFSLockFactory$NativeFSLock.ensureValid(NativeFSLockFactory.java:177) ~[lucene-core-6.3.0.jar:6.3.0 a66a44513ee8191e25b477372094bfa846450316 - shalin - 2016-11-02 19:47:11]
	at org.elasticsearch.env.NodeEnvironment.assertEnvIsLocked(NodeEnvironment.java:901) ~[elasticsearch-5.1.1.jar:5.1.1]
	at org.elasticsearch.env.NodeEnvironment.nodePaths(NodeEnvironment.java:753) ~[elasticsearch-5.1.1.jar:5.1.1]
	at org.elasticsearch.monitor.fs.FsProbe.stats(FsProbe.java:55) ~[elasticsearch-5.1.1.jar:5.1.1]
	at org.elasticsearch.monitor.fs.FsService.stats(FsService.java:60) ~[elasticsearch-5.1.1.jar:5.1.1]
	at org.elasticsearch.monitor.fs.FsService.access$200(FsService.java:33) ~[elasticsearch-5.1.1.jar:5.1.1]
	at org.elasticsearch.monitor.fs.FsService$FsInfoCache.refresh(FsService.java:78) ~[elasticsearch-5.1.1.jar:5.1.1]
	at org.elasticsearch.monitor.fs.FsService$FsInfoCache.refresh(FsService.java:67) ~[elasticsearch-5.1.1.jar:5.1.1]
	at org.elasticsearch.common.util.SingleObjectCache.getOrRefresh(SingleObjectCache.java:54) ~[elasticsearch-5.1.1.jar:5.1.1]
	at org.elasticsearch.monitor.fs.FsService.stats(FsService.java:55) ~[elasticsearch-5.1.1.jar:5.1.1]
	at org.elasticsearch.node.service.NodeService.stats(NodeService.java:114) ~[elasticsearch-5.1.1.jar:5.1.1]
	at org.elasticsearch.action.admin.cluster.node.stats.TransportNodesStatsAction.nodeOperation(TransportNodesStatsAction.java:77) ~[elasticsearch-5.1.1.jar:5.1.1]
	at org.elasticsearch.action.admin.cluster.node.stats.TransportNodesStatsAction.nodeOperation(TransportNodesStatsAction.java:42) ~[elasticsearch-5.1.1.jar:5.1.1]
	at org.elasticsearch.action.support.nodes.TransportNodesAction.nodeOperation(TransportNodesAction.java:145) ~[elasticsearch-5.1.1.jar:5.1.1]
	at org.elasticsearch.action.support.nodes.TransportNodesAction$NodeTransportHandler.messageReceived(TransportNodesAction.java:270) ~[elasticsearch-5.1.1.jar:5.1.1]
	at org.elasticsearch.action.support.nodes.TransportNodesAction$NodeTransportHandler.messageReceived(TransportNodesAction.java:266) ~[elasticsearch-5.1.1.jar:5.1.1]
	at org.elasticsearch.transport.RequestHandlerRegistry.processMessageReceived(RequestHandlerRegistry.java:69) ~[elasticsearch-5.1.1.jar:5.1.1]
	at org.elasticsearch.transport.TransportService$6.doRun(TransportService.java:577) ~[elasticsearch-5.1.1.jar:5.1.1]
	at org.elasticsearch.common.util.concurrent.ThreadContext$ContextPreservingAbstractRunnable.doRun(ThreadContext.java:527) ~[elasticsearch-5.1.1.jar:5.1.1]
	at org.elasticsearch.common.util.concurrent.AbstractRunnable.run(AbstractRunnable.java:37) ~[elasticsearch-5.1.1.jar:5.1.1]
	at java.util.concurrent.ThreadPoolExecutor.runWorker(ThreadPoolExecutor.java:1142) ~[?:1.8.0_73]
	at java.util.concurrent.ThreadPoolExecutor$Worker.run(ThreadPoolExecutor.java:617) ~[?:1.8.0_73]
	at java.lang.Thread.run(Thread.java:745) ~[?:1.8.0_73]
[2016-12-14T16:36:56,369][WARN ][o.e.a.a.c.n.s.TransportNodesStatsAction] [C4tXroq] not accumulating exceptions, excluding exception from response
org.elasticsearch.action.FailedNodeException: Failed node [C4tXroqFQ96oOtavvZ4PUw]
	at org.elasticsearch.action.support.nodes.TransportNodesAction$AsyncAction.onFailure(TransportNodesAction.java:247) [elasticsearch-5.1.1.jar:5.1.1]
	at org.elasticsearch.action.support.nodes.TransportNodesAction$AsyncAction.access$300(TransportNodesAction.java:160) [elasticsearch-5.1.1.jar:5.1.1]
	at org.elasticsearch.action.support.nodes.TransportNodesAction$AsyncAction$1.handleException(TransportNodesAction.java:219) [elasticsearch-5.1.1.jar:5.1.1]
	at org.elasticsearch.transport.TransportService$ContextRestoreResponseHandler.handleException(TransportService.java:984) [elasticsearch-5.1.1.jar:5.1.1]
	at org.elasticsearch.transport.TransportService$DirectResponseChannel.processException(TransportService.java:1091) [elasticsearch-5.1.1.jar:5.1.1]
	at org.elasticsearch.transport.TransportService$DirectResponseChannel.sendResponse(TransportService.java:1069) [elasticsearch-5.1.1.jar:5.1.1]
	at org.elasticsearch.transport.TransportService$6.onFailure(TransportService.java:588) [elasticsearch-5.1.1.jar:5.1.1]
	at org.elasticsearch.common.util.concurrent.ThreadContext$ContextPreservingAbstractRunnable.onFailure(ThreadContext.java:512) [elasticsearch-5.1.1.jar:5.1.1]
	at org.elasticsearch.common.util.concurrent.AbstractRunnable.run(AbstractRunnable.java:39) [elasticsearch-5.1.1.jar:5.1.1]
	at java.util.concurrent.ThreadPoolExecutor.runWorker(ThreadPoolExecutor.java:1142) [?:1.8.0_73]
	at java.util.concurrent.ThreadPoolExecutor$Worker.run(ThreadPoolExecutor.java:617) [?:1.8.0_73]
	at java.lang.Thread.run(Thread.java:745) [?:1.8.0_73]
Caused by: org.elasticsearch.transport.RemoteTransportException: [C4tXroq][127.0.0.1:9300][cluster:monitor/nodes/stats[n]]
Caused by: java.lang.IllegalStateException: environment is not locked
	at org.elasticsearch.env.NodeEnvironment.assertEnvIsLocked(NodeEnvironment.java:904) ~[elasticsearch-5.1.1.jar:5.1.1]
	at org.elasticsearch.env.NodeEnvironment.nodePaths(NodeEnvironment.java:753) ~[elasticsearch-5.1.1.jar:5.1.1]
	at org.elasticsearch.monitor.fs.FsProbe.stats(FsProbe.java:55) ~[elasticsearch-5.1.1.jar:5.1.1]
	at org.elasticsearch.monitor.fs.FsService.stats(FsService.java:60) ~[elasticsearch-5.1.1.jar:5.1.1]
	at org.elasticsearch.monitor.fs.FsService.access$200(FsService.java:33) ~[elasticsearch-5.1.1.jar:5.1.1]
	at org.elasticsearch.monitor.fs.FsService$FsInfoCache.refresh(FsService.java:78) ~[elasticsearch-5.1.1.jar:5.1.1]
	at org.elasticsearch.monitor.fs.FsService$FsInfoCache.refresh(FsService.java:67) ~[elasticsearch-5.1.1.jar:5.1.1]
	at org.elasticsearch.common.util.SingleObjectCache.getOrRefresh(SingleObjectCache.java:54) ~[elasticsearch-5.1.1.jar:5.1.1]
	at org.elasticsearch.monitor.fs.FsService.stats(FsService.java:55) ~[elasticsearch-5.1.1.jar:5.1.1]
	at org.elasticsearch.node.service.NodeService.stats(NodeService.java:114) ~[elasticsearch-5.1.1.jar:5.1.1]
	at org.elasticsearch.action.admin.cluster.node.stats.TransportNodesStatsAction.nodeOperation(TransportNodesStatsAction.java:77) ~[elasticsearch-5.1.1.jar:5.1.1]
	at org.elasticsearch.action.admin.cluster.node.stats.TransportNodesStatsAction.nodeOperation(TransportNodesStatsAction.java:42) ~[elasticsearch-5.1.1.jar:5.1.1]
	at org.elasticsearch.action.support.nodes.TransportNodesAction.nodeOperation(TransportNodesAction.java:145) ~[elasticsearch-5.1.1.jar:5.1.1]
	at org.elasticsearch.action.support.nodes.TransportNodesAction$NodeTransportHandler.messageReceived(TransportNodesAction.java:270) ~[elasticsearch-5.1.1.jar:5.1.1]
	at org.elasticsearch.action.support.nodes.TransportNodesAction$NodeTransportHandler.messageReceived(TransportNodesAction.java:266) ~[elasticsearch-5.1.1.jar:5.1.1]
	at org.elasticsearch.transport.RequestHandlerRegistry.processMessageReceived(RequestHandlerRegistry.java:69) ~[elasticsearch-5.1.1.jar:5.1.1]
	at org.elasticsearch.transport.TransportService$6.doRun(TransportService.java:577) ~[elasticsearch-5.1.1.jar:5.1.1]
	at org.elasticsearch.common.util.concurrent.ThreadContext$ContextPreservingAbstractRunnable.doRun(ThreadContext.java:527) ~[elasticsearch-5.1.1.jar:5.1.1]
	at org.elasticsearch.common.util.concurrent.AbstractRunnable.run(AbstractRunnable.java:37) ~[elasticsearch-5.1.1.jar:5.1.1]
	... 3 more
Caused by: java.nio.file.NoSuchFileException: /Users/LvanHoorn/Downloads/elasticsearch-5.1.1/data/nodes/0/node.lock
	at sun.nio.fs.UnixException.translateToIOException(UnixException.java:86) ~[?:?]
	at sun.nio.fs.UnixException.rethrowAsIOException(UnixException.java:102) ~[?:?]
	at sun.nio.fs.UnixException.rethrowAsIOException(UnixException.java:107) ~[?:?]
	at sun.nio.fs.UnixFileAttributeViews$Basic.readAttributes(UnixFileAttributeViews.java:55) ~[?:?]
	at sun.nio.fs.UnixFileSystemProvider.readAttributes(UnixFileSystemProvider.java:144) ~[?:?]
	at java.nio.file.Files.readAttributes(Files.java:1737) ~[?:1.8.0_73]
	at org.apache.lucene.store.NativeFSLockFactory$NativeFSLock.ensureValid(NativeFSLockFactory.java:177) ~[lucene-core-6.3.0.jar:6.3.0 a66a44513ee8191e25b477372094bfa846450316 - shalin - 2016-11-02 19:47:11]
	at org.elasticsearch.env.NodeEnvironment.assertEnvIsLocked(NodeEnvironment.java:901) ~[elasticsearch-5.1.1.jar:5.1.1]
	at org.elasticsearch.env.NodeEnvironment.nodePaths(NodeEnvironment.java:753) ~[elasticsearch-5.1.1.jar:5.1.1]
	at org.elasticsearch.monitor.fs.FsProbe.stats(FsProbe.java:55) ~[elasticsearch-5.1.1.jar:5.1.1]
	at org.elasticsearch.monitor.fs.FsService.stats(FsService.java:60) ~[elasticsearch-5.1.1.jar:5.1.1]
	at org.elasticsearch.monitor.fs.FsService.access$200(FsService.java:33) ~[elasticsearch-5.1.1.jar:5.1.1]
	at org.elasticsearch.monitor.fs.FsService$FsInfoCache.refresh(FsService.java:78) ~[elasticsearch-5.1.1.jar:5.1.1]
	at org.elasticsearch.monitor.fs.FsService$FsInfoCache.refresh(FsService.java:67) ~[elasticsearch-5.1.1.jar:5.1.1]
	at org.elasticsearch.common.util.SingleObjectCache.getOrRefresh(SingleObjectCache.java:54) ~[elasticsearch-5.1.1.jar:5.1.1]
	at org.elasticsearch.monitor.fs.FsService.stats(FsService.java:55) ~[elasticsearch-5.1.1.jar:5.1.1]
	at org.elasticsearch.node.service.NodeService.stats(NodeService.java:114) ~[elasticsearch-5.1.1.jar:5.1.1]
	at org.elasticsearch.action.admin.cluster.node.stats.TransportNodesStatsAction.nodeOperation(TransportNodesStatsAction.java:77) ~[elasticsearch-5.1.1.jar:5.1.1]
	at org.elasticsearch.action.admin.cluster.node.stats.TransportNodesStatsAction.nodeOperation(TransportNodesStatsAction.java:42) ~[elasticsearch-5.1.1.jar:5.1.1]
	at org.elasticsearch.action.support.nodes.TransportNodesAction.nodeOperation(TransportNodesAction.java:145) ~[elasticsearch-5.1.1.jar:5.1.1]
	at org.elasticsearch.action.support.nodes.TransportNodesAction$NodeTransportHandler.messageReceived(TransportNodesAction.java:270) ~[elasticsearch-5.1.1.jar:5.1.1]
	at org.elasticsearch.action.support.nodes.TransportNodesAction$NodeTransportHandler.messageReceived(TransportNodesAction.java:266) ~[elasticsearch-5.1.1.jar:5.1.1]
	at org.elasticsearch.transport.RequestHandlerRegistry.processMessageReceived(RequestHandlerRegistry.java:69) ~[elasticsearch-5.1.1.jar:5.1.1]
	at org.elasticsearch.transport.TransportService$6.doRun(TransportService.java:577) ~[elasticsearch-5.1.1.jar:5.1.1]
	at org.elasticsearch.common.util.concurrent.ThreadContext$ContextPreservingAbstractRunnable.doRun(ThreadContext.java:527) ~[elasticsearch-5.1.1.jar:5.1.1]
	at org.elasticsearch.common.util.concurrent.AbstractRunnable.run(AbstractRunnable.java:37) ~[elasticsearch-5.1.1.jar:5.1.1]
	... 3 more
[2016-12-14T16:37:02,835][INFO ][o.e.n.Node               ] [C4tXroq] stopping ...
[2016-12-14T16:37:02,847][INFO ][o.e.n.Node               ] [C4tXroq] stopped
[2016-12-14T16:37:02,848][INFO ][o.e.n.Node               ] [C4tXroq] closing ...
[2016-12-14T16:37:02,855][INFO ][o.e.n.Node               ] [C4tXroq] closed
[2016-12-14T16:38:20,043][INFO ][o.e.n.Node               ] [] initializing ...
[2016-12-14T16:38:20,126][INFO ][o.e.e.NodeEnvironment    ] [C4tXroq] using [1] data paths, mounts [[/ (/dev/disk2)]], net usable_space [473.6gb], net total_space [1tb], spins? [unknown], types [hfs]
[2016-12-14T16:38:20,126][INFO ][o.e.e.NodeEnvironment    ] [C4tXroq] heap size [1.9gb], compressed ordinary object pointers [true]
[2016-12-14T16:38:20,127][INFO ][o.e.n.Node               ] node name [C4tXroq] derived from node ID [C4tXroqFQ96oOtavvZ4PUw]; set [node.name] to override
[2016-12-14T16:38:20,131][INFO ][o.e.n.Node               ] version[5.1.1], pid[37355], build[5395e21/2016-12-06T12:36:15.409Z], OS[Mac OS X/10.12/x86_64], JVM[Oracle Corporation/Java HotSpot(TM) 64-Bit Server VM/1.8.0_73/25.73-b02]
[2016-12-14T16:38:20,968][INFO ][o.e.p.PluginsService     ] [C4tXroq] loaded module [aggs-matrix-stats]
[2016-12-14T16:38:20,968][INFO ][o.e.p.PluginsService     ] [C4tXroq] loaded module [ingest-common]
[2016-12-14T16:38:20,968][INFO ][o.e.p.PluginsService     ] [C4tXroq] loaded module [lang-expression]
[2016-12-14T16:38:20,968][INFO ][o.e.p.PluginsService     ] [C4tXroq] loaded module [lang-groovy]
[2016-12-14T16:38:20,968][INFO ][o.e.p.PluginsService     ] [C4tXroq] loaded module [lang-mustache]
[2016-12-14T16:38:20,968][INFO ][o.e.p.PluginsService     ] [C4tXroq] loaded module [lang-painless]
[2016-12-14T16:38:20,968][INFO ][o.e.p.PluginsService     ] [C4tXroq] loaded module [percolator]
[2016-12-14T16:38:20,968][INFO ][o.e.p.PluginsService     ] [C4tXroq] loaded module [reindex]
[2016-12-14T16:38:20,968][INFO ][o.e.p.PluginsService     ] [C4tXroq] loaded module [transport-netty3]
[2016-12-14T16:38:20,968][INFO ][o.e.p.PluginsService     ] [C4tXroq] loaded module [transport-netty4]
[2016-12-14T16:38:20,969][INFO ][o.e.p.PluginsService     ] [C4tXroq] no plugins loaded
[2016-12-14T16:38:23,033][INFO ][o.e.n.Node               ] initialized
[2016-12-14T16:38:23,033][INFO ][o.e.n.Node               ] [C4tXroq] starting ...
[2016-12-14T16:38:23,236][INFO ][o.e.t.TransportService   ] [C4tXroq] publish_address {127.0.0.1:9300}, bound_addresses {[fe80::1]:9300}, {[::1]:9300}, {127.0.0.1:9300}
[2016-12-14T16:38:26,303][INFO ][o.e.c.s.ClusterService   ] [C4tXroq] new_master {C4tXroq}{C4tXroqFQ96oOtavvZ4PUw}{jhvNgV8CR3iAkOBiaQgBgg}{127.0.0.1}{127.0.0.1:9300}, reason: zen-disco-elected-as-master ([0] nodes joined)
[2016-12-14T16:38:26,324][INFO ][o.e.h.HttpServer         ] [C4tXroq] publish_address {127.0.0.1:9200}, bound_addresses {[fe80::1]:9200}, {[::1]:9200}, {127.0.0.1:9200}
[2016-12-14T16:38:26,324][INFO ][o.e.n.Node               ] [C4tXroq] started
[2016-12-14T16:38:26,328][INFO ][o.e.g.GatewayService     ] [C4tXroq] recovered [0] indices into cluster_state
